Case #1: SOLVE 2
IMPOSSIBLE
Case #2: SOLVE 2
POSSIBLE
1 3
2 1
1 4
2 2
1 5
2 3
1 1
2 4
1 2
2 5
Case #3: SOLVE 1
POSSIBLE
3 1
1 2
4 1
2 2
5 1
3 2
1 1
4 2
2 1
5 2
Case #4: IMPOSSIBLE
Case #5: SOLVE 2
POSSIBLE
1 1
2 3
3 1
1 2
2 4
3 2
1 3
2 1
3 3
1 4
2 2
3 4
Case #6: SOLVE 1
POSSIBLE
1 1
3 2
1 3
2 1
4 2
2 3
3 1
1 2
3 3
4 1
2 2
4 3
Case #7: SOLVE 2
POSSIBLE
1 1
2 3
3 1
4 3
5 1
1 2
2 4
3 2
4 4
5 2
1 3
2 5
3 3
4 5
5 3
1 4
2 1
3 4
4 1
5 4
1 5
2 2
3 5
4 2
5 5
Case #8: SOLVE 2
POSSIBLE
1 1
2 3
3 1
4 3
1 2
2 4
3 2
4 4
1 3
2 5
3 3
4 5
1 4
2 1
3 4
4 1
1 5
2 2
3 5
4 2
Case #9: SOLVE 1
POSSIBLE
1 1
3 2
1 3
3 4
2 1
4 2
2 3
4 4
3 1
5 2
3 3
5 4
4 1
1 2
4 3
1 4
5 1
2 2
5 3
2 4
